platforms/android/app/build/intermediates/manifest_merge_blame_file/debug/manifest-merger-blame-debug-report.txt
1<?xml version="1.0" encoding="utf-8"?>
2<manifest xmlns:android="http://schemas.android.com/apk/res/android"
3    package="io.cordova.hellocordova"
4    android:hardwareAccelerated="true"
5    android:versionCode="10000"
6    android:versionName="1.0.0" >
7
8    <uses-sdk
9        android:minSdkVersion="22"
9-->src\main\AndroidManifest.xml
10        android:targetSdkVersion="30" />
10-->src\main\AndroidManifest.xml
11
12    <supports-screens
12-->src\main\AndroidManifest.xml:3:5-191
13        android:anyDensity="true"
13-->src\main\AndroidManifest.xml:3:23-48
14        android:largeScreens="true"
14-->src\main\AndroidManifest.xml:3:49-76
15        android:normalScreens="true"
15-->src\main\AndroidManifest.xml:3:77-105
16        android:resizeable="true"
16-->src\main\AndroidManifest.xml:3:106-131
17        android:smallScreens="true"
17-->src\main\AndroidManifest.xml:3:132-159
18        android:xlargeScreens="true" />
18-->src\main\AndroidManifest.xml:3:160-188
19
20    <uses-permission android:name="android.permission.INTERNET" />
20-->src\main\AndroidManifest.xml:4:5-67
20-->src\main\AndroidManifest.xml:4:22-64
21    <uses-permission android:name="android.permission.WRITE_EXTERNAL_STORAGE" />
21-->src\main\AndroidManifest.xml:13:5-81
21-->src\main\AndroidManifest.xml:13:22-78
22    <uses-permission android:name="android.permission.ACCESS_NETWORK_STATE" />
22-->src\main\AndroidManifest.xml:14:5-79
22-->src\main\AndroidManifest.xml:14:22-76
23
24    <application
24-->src\main\AndroidManifest.xml:5:5-12:19
25        android:appComponentFactory="androidx.core.app.CoreComponentFactory"
25-->[androidx.core:core:1.5.0] AndroidManifest.xml:24:18-86
26        android:debuggable="true"
27        android:hardwareAccelerated="true"
27-->src\main\AndroidManifest.xml:5:18-52
28        android:icon="@mipmap/ic_launcher"
28-->src\main\AndroidManifest.xml:5:53-87
29        android:label="@string/app_name"
29-->src\main\AndroidManifest.xml:5:88-120
30        android:supportsRtl="true"
30-->src\main\AndroidManifest.xml:5:121-147
31        android:usesCleartextTraffic="true" >
31-->src\main\AndroidManifest.xml:5:148-183
32        <activity
32-->src\main\AndroidManifest.xml:6:9-11:20
33            android:name="io.cordova.hellocordova.MainActivity"
33-->src\main\AndroidManifest.xml:6:229-256
34            android:configChanges="orientation|keyboardHidden|keyboard|screenSize|locale|smallestScreenSize|screenLayout|uiMode"
34-->src\main\AndroidManifest.xml:6:19-135
35            android:exported="true"
35-->src\main\AndroidManifest.xml:6:136-159
36            android:label="@string/activity_name"
36-->src\main\AndroidManifest.xml:6:160-197
37            android:launchMode="singleTop"
37-->src\main\AndroidManifest.xml:6:198-228
38            android:theme="@style/Theme.AppCompat.NoActionBar"
38-->src\main\AndroidManifest.xml:6:257-307
39            android:windowSoftInputMode="adjustResize" >
39-->src\main\AndroidManifest.xml:6:308-350
40            <intent-filter android:label="@string/launcher_name" >
40-->src\main\AndroidManifest.xml:7:13-10:29
40-->src\main\AndroidManifest.xml:7:28-65
41                <action android:name="android.intent.action.MAIN" />
41-->src\main\AndroidManifest.xml:8:17-69
41-->src\main\AndroidManifest.xml:8:25-66
42
43                <category android:name="android.intent.category.LAUNCHER" />
43-->src\main\AndroidManifest.xml:9:17-77
43-->src\main\AndroidManifest.xml:9:27-74
44            </intent-filter>
45        </activity>
46    </application>
47
48</manifest>